ANTI
0239
0133
COME
0835
0424
CORU
0430
0225
EURO
0593
0308
FOCH
0540
0183
GAMB
0470
0101
GARE
656
323
Triangle
436
147
ARCT
0460
0128
Pitot
588
263
CIRC
1200
0585
SABI
0485
0264
GARD
0395
0214
SABL
0372
0089
MOSS
0423
0298
SJLC
0290
0157
MEDC
0255
0100
OCCI
0627
0303
VICA
0074
0021
GAUMONT-EST
0109
0099
GAUMONT-OUEST
0250
0228
CDGA
0260
0072
ARCE
0230
0230
POLY
1911
1448
ANTI
0239
0133
COME
0835
0424
CORU
0430
0225
EURO
0593
0308
FOCH
0540
0183
GAMB
0470
0101
GARE
656
323
Triangle
436
147
ARCT
0460
0128
Pitot
588
263
CIRC
1200
0585
SABI
0485
0264
GARD
0395
0214
SABL
0372
0089
MOSS
0423
0298
SJLC
0290
0157
MEDC
0255
0100
OCCI
0627
0303
VICA
0074
0021
GAUMONT-EST
0109
0099
GAUMONT-OUEST
0250
0228
CDGA
0260
0072
ARCE
0230
0230
POLY
1911
1448
ANTI
0239
0133
COME
0835
0424
CORU
0430
0225
EURO
0593
0308
FOCH
0540
0183
GAMB
0470
0101
GARE
656
323
Triangle
436
147
ARCT
0460
0128
Pitot
588
263
CIRC
1200
0585
SABI
0485
0264
GARD
0395
0214
SABL
0372
0089
MOSS
0423
0298
SJLC
0290
0157
MEDC
0255
0100
OCCI
0627
0303
VICA
0074
0021
GAUMONT-EST
0109
0099
GAUMONT-OUEST
0250
0228
CDGA
0260
0072
ARCE
0230
0230
POLY
1911
1448
ANTI
0239
0133
COME
0835
0414
CORU
0430
0226
EURO
0593
0308
FOCH
0540
0183
GAMB
0470
0100
GARE
656
356
Triangle
436
145
ARCT
0460
0128
Pitot
588
262
CIRC
1200
0585
SABI
0485
0262
GARD
0395
0214
SABL
0372
0089
MOSS
0423
0298
SJLC
0290
0157
MEDC
0255
0100
OCCI
0627
0303
VICA
0074
0021
GAUMONT-EST
0109
0098
GAUMONT-OUEST
0250
0228
CDGA
0260
0072
ARCE
0230
0230
POLY
1911
1448
ANTI
0239
0133
COME
0835
0414
CORU
0430
0226
EURO
0593
0308
FOCH
0540
0183
GAMB
0470
0100
GARE
656
356
Triangle
436
145
ARCT
0460
0128
Pitot
588
262
CIRC
1200
0585
SABI
0485
0262
GARD
0395
0214
SABL
0372
0089
MOSS
0423
0298
SJLC
0290
0157
MEDC
0255
0100
OCCI
0627
0303
VICA
0074
0021
GAUMONT-EST
0109
0098
GAUMONT-OUEST
0250
0228
CDGA
0260
0072
ARCE
0230
0230
POLY
1911
1448
ANTI
0239
0133
COME
0835
0414
CORU
0430
0226
EURO
0593
0308
FOCH
0540
0183
GAMB
0470
0100
GARE
656
356
Triangle
436
145
ARCT
0460
0128
Pitot
588
262
CIRC
1200
0585
SABI
0485
0262
GARD
0395
0214
SABL
0372
0089
MOSS
0423
0298
SJLC
0290
0157
MEDC
0255
0100
OCCI
0627
0303
VICA
0074
0021
GAUMONT-EST
0109
0098
GAUMONT-OUEST
0250
0228
CDGA
0260
0072
ARCE
0230
0230
POLY
1911
1448
